<?xml version="1.0" encoding="UTF-8"?>
<!-- Generated by org.testng.reporters.JUnitReportReporter -->
<testsuite hostname="LTIN280660" failures="0" tests="2" name="TestCase.TC004_GoogleSignup" time="30.516" errors="0" timestamp="2024-03-14T00:11:23 PDT" skipped="0">
  <testcase classname="TestCase.TC004_GoogleSignup" name="verifyLoginPage" time="11.799"/>
  <testcase classname="TestCase.TC004_GoogleSignup" name="verifyLoginPage" time="18.717"/>
</testsuite> <!-- TestCase.TC004_GoogleSignup -->
