<?xml version="1.0" encoding="UTF-8"?>
<!-- Generated by org.testng.reporters.JUnitReportReporter -->
<testsuite hostname="LTIN280660" failures="0" tests="4" name="TestCase.TC001_UpBikesDetails" time="315.893" errors="0" timestamp="2024-03-14T00:11:23 PDT" skipped="0">
  <testcase classname="TestCase.TC001_UpBikesDetails" name="clickUpcomingBikes" time="44.329"/>
  <testcase classname="TestCase.TC001_UpBikesDetails" name="clickNewBikes" time="45.461"/>
  <testcase classname="TestCase.TC001_UpBikesDetails" name="clickUpcomingBikes" time="78.916"/>
  <testcase classname="TestCase.TC001_UpBikesDetails" name="clickNewBikes" time="147.187"/>
</testsuite> <!-- TestCase.TC001_UpBikesDetails -->
