<?xml version="1.0" encoding="UTF-8"?>
<!-- Generated by org.testng.reporters.JUnitReportReporter -->
<testsuite hostname="LTIN280660" failures="0" tests="2" name="TestCase.TC003_GoogleLogin" time="197.072" errors="0" timestamp="2024-03-14T00:11:23 PDT" skipped="0">
  <testcase classname="TestCase.TC003_GoogleLogin" name="verifyLoginPage" time="104.410"/>
  <testcase classname="TestCase.TC003_GoogleLogin" name="verifyLoginPage" time="92.662"/>
</testsuite> <!-- TestCase.TC003_GoogleLogin -->
