<?xml version="1.0" encoding="UTF-8"?>
<!-- Generated by org.testng.reporters.JUnitReportReporter -->
<testsuite hostname="LTIN280660" failures="0" tests="2" name="TestCase.TC002_UsedCarsDetails" time="118.697" errors="0" timestamp="2024-03-14T00:11:23 PDT" skipped="0">
  <testcase classname="TestCase.TC002_UsedCarsDetails" name="UsedCarDetails" time="70.823"/>
  <testcase classname="TestCase.TC002_UsedCarsDetails" name="UsedCarDetails" time="47.874"/>
</testsuite> <!-- TestCase.TC002_UsedCarsDetails -->
